2025-07-12 22:01:19,896 - INFO - Added font preload tags below </title> in .\301-redirect-generator.html
2025-07-12 22:01:19,898 - INFO - Successfully updated .\301-redirect-generator.html
2025-07-12 22:01:19,979 - INFO - Added font preload tags below </title> in .\about-us.html
2025-07-12 22:01:19,980 - INFO - Successfully updated .\about-us.html
2025-07-12 22:01:20,169 - INFO - Added font preload tags below </title> in .\acronym-generator.html
2025-07-12 22:01:20,171 - INFO - Successfully updated .\acronym-generator.html
2025-07-12 22:01:20,300 - INFO - Added font preload tags below </title> in .\age-calculator.html
2025-07-12 22:01:20,302 - INFO - Successfully updated .\age-calculator.html
2025-07-12 22:01:20,420 - INFO - Added font preload tags below </title> in .\ai-story-generator.html
2025-07-12 22:01:20,421 - INFO - Successfully updated .\ai-story-generator.html
2025-07-12 22:01:20,564 - INFO - Added font preload tags below </title> in .\alt-text-generator.html
2025-07-12 22:01:20,567 - INFO - Successfully updated .\alt-text-generator.html
2025-07-12 22:01:20,728 - INFO - Added font preload tags below </title> in .\api-tester-simple.html
2025-07-12 22:01:20,729 - INFO - Successfully updated .\api-tester-simple.html
2025-07-12 22:01:20,871 - INFO - Added font preload tags below </title> in .\backlink-anchor-text-generator.html
2025-07-12 22:01:20,872 - INFO - Successfully updated .\backlink-anchor-text-generator.html
2025-07-12 22:01:21,011 - INFO - Added font preload tags below </title> in .\base64-encoder-decoder.html
2025-07-12 22:01:21,012 - INFO - Successfully updated .\base64-encoder-decoder.html
2025-07-12 22:01:21,089 - INFO - Added font preload tags below </title> in .\blog.html
2025-07-12 22:01:21,091 - INFO - Successfully updated .\blog.html
2025-07-12 22:01:21,347 - INFO - Added font preload tags below </title> in .\breadcrumb-generator.html
2025-07-12 22:01:21,349 - INFO - Successfully updated .\breadcrumb-generator.html
2025-07-12 22:01:21,627 - INFO - Added font preload tags below </title> in .\break-even-point-calculator.html
2025-07-12 22:01:21,628 - INFO - Successfully updated .\break-even-point-calculator.html
2025-07-12 22:01:21,989 - INFO - Added font preload tags below </title> in .\broken-link-checker-simple.html
2025-07-12 22:01:21,997 - INFO - Successfully updated .\broken-link-checker-simple.html
2025-07-12 22:01:22,204 - INFO - Added font preload tags below </title> in .\budget-planner-simple.html
2025-07-12 22:01:22,205 - INFO - Successfully updated .\budget-planner-simple.html
2025-07-12 22:01:22,585 - INFO - Added font preload tags below </title> in .\bullet-point-generator.html
2025-07-12 22:01:22,615 - INFO - Successfully updated .\bullet-point-generator.html
2025-07-12 22:01:22,913 - INFO - Added font preload tags below </title> in .\canonical-tag-generator.html
2025-07-12 22:01:22,915 - INFO - Successfully updated .\canonical-tag-generator.html
2025-07-12 22:01:23,045 - INFO - Added font preload tags below </title> in .\citation-generator.html
2025-07-12 22:01:23,046 - INFO - Successfully updated .\citation-generator.html
2025-07-12 22:01:23,158 - INFO - Added font preload tags below </title> in .\code-diff-checker.html
2025-07-12 22:01:23,159 - INFO - Successfully updated .\code-diff-checker.html
2025-07-12 22:01:23,269 - INFO - Added font preload tags below </title> in .\code-indenter.html
2025-07-12 22:01:23,270 - INFO - Successfully updated .\code-indenter.html
2025-07-12 22:01:23,397 - INFO - Added font preload tags below </title> in .\coin-flipper.html
2025-07-12 22:01:23,398 - INFO - Successfully updated .\coin-flipper.html
2025-07-12 22:01:23,753 - INFO - Added font preload tags below </title> in .\color-palette-extractor.html
2025-07-12 22:01:23,754 - INFO - Successfully updated .\color-palette-extractor.html
2025-07-12 22:01:23,990 - INFO - Added font preload tags below </title> in .\compound-interest-calculator.html
2025-07-12 22:01:23,991 - INFO - Successfully updated .\compound-interest-calculator.html
2025-07-12 22:01:24,077 - INFO - Added font preload tags below </title> in .\contact-support.html
2025-07-12 22:01:24,078 - INFO - Successfully updated .\contact-support.html
2025-07-12 22:01:24,172 - INFO - Added font preload tags below </title> in .\contact-us.html
2025-07-12 22:01:24,173 - INFO - Successfully updated .\contact-us.html
2025-07-12 22:01:24,589 - INFO - Added font preload tags below </title> in .\countdown-timer.html
2025-07-12 22:01:24,595 - INFO - Successfully updated .\countdown-timer.html
2025-07-12 22:01:24,923 - INFO - Added font preload tags below </title> in .\crypto-price-tracker.html
2025-07-12 22:01:24,924 - INFO - Successfully updated .\crypto-price-tracker.html
2025-07-12 22:01:25,103 - INFO - Added font preload tags below </title> in .\css-flexbox-generator.html
2025-07-12 22:01:25,104 - INFO - Successfully updated .\css-flexbox-generator.html
2025-07-12 22:01:25,264 - INFO - Added font preload tags below </title> in .\css-gradient-generator.html
2025-07-12 22:01:25,266 - INFO - Successfully updated .\css-gradient-generator.html
2025-07-12 22:01:25,400 - INFO - Added font preload tags below </title> in .\css-minifier.html
2025-07-12 22:01:25,402 - INFO - Successfully updated .\css-minifier.html
2025-07-12 22:01:25,691 - INFO - Added font preload tags below </title> in .\css-shadow-generator.html
2025-07-12 22:01:25,693 - INFO - Successfully updated .\css-shadow-generator.html
2025-07-12 22:01:25,846 - INFO - Added font preload tags below </title> in .\css-triangle-generator.html
2025-07-12 22:01:25,847 - INFO - Successfully updated .\css-triangle-generator.html
2025-07-12 22:01:26,041 - INFO - Added font preload tags below </title> in .\currency-converter.html
2025-07-12 22:01:26,043 - INFO - Successfully updated .\currency-converter.html
2025-07-12 22:01:26,224 - INFO - Added font preload tags below </title> in .\daily-goal-setter.html
2025-07-12 22:01:26,225 - INFO - Successfully updated .\daily-goal-setter.html
2025-07-12 22:01:26,402 - INFO - Added font preload tags below </title> in .\depreciation-calculator.html
2025-07-12 22:01:26,403 - INFO - Successfully updated .\depreciation-calculator.html
2025-07-12 22:01:26,589 - INFO - Added font preload tags below </title> in .\dice-roller.html
2025-07-12 22:01:26,590 - INFO - Successfully updated .\dice-roller.html
2025-07-12 22:01:26,718 - INFO - Added font preload tags below </title> in .\disclaimer.html
2025-07-12 22:01:26,720 - INFO - Successfully updated .\disclaimer.html
2025-07-12 22:01:26,920 - INFO - Added font preload tags below </title> in .\discount-calculator.html
2025-07-12 22:01:26,921 - INFO - Successfully updated .\discount-calculator.html
2025-07-12 22:01:27,005 - INFO - Added font preload tags below </title> in .\documentation.html
2025-07-12 22:01:27,006 - INFO - Successfully updated .\documentation.html
2025-07-12 22:01:27,205 - INFO - Added font preload tags below </title> in .\email-signature-generator.html
2025-07-12 22:01:27,206 - INFO - Successfully updated .\email-signature-generator.html
2025-07-12 22:01:27,466 - INFO - Added font preload tags below </title> in .\email-subject-line-generator.html
2025-07-12 22:01:27,470 - INFO - Successfully updated .\email-subject-line-generator.html
2025-07-12 22:01:28,100 - INFO - Added font preload tags below </title> in .\emoji-story-generator.html
2025-07-12 22:01:28,101 - INFO - Successfully updated .\emoji-story-generator.html
2025-07-12 22:01:28,538 - INFO - Added font preload tags below </title> in .\essay-outline-generator.html
2025-07-12 22:01:28,539 - INFO - Successfully updated .\essay-outline-generator.html
2025-07-12 22:01:28,653 - INFO - Added font preload tags below </title> in .\fancy-text-generator.html
2025-07-12 22:01:28,654 - INFO - Successfully updated .\fancy-text-generator.html
2025-07-12 22:01:28,726 - INFO - Added font preload tags below </title> in .\faq.html
2025-07-12 22:01:28,727 - INFO - Successfully updated .\faq.html
2025-07-12 22:01:28,905 - INFO - Added font preload tags below </title> in .\favicon-generator.html
2025-07-12 22:01:28,907 - INFO - Successfully updated .\favicon-generator.html
2025-07-12 22:01:28,984 - INFO - Added font preload tags below </title> in .\feedback.html
2025-07-12 22:01:28,986 - INFO - Successfully updated .\feedback.html
2025-07-12 22:01:29,137 - INFO - Added font preload tags below </title> in .\file-name-generator.html
2025-07-12 22:01:29,138 - INFO - Successfully updated .\file-name-generator.html
2025-07-12 22:01:29,288 - INFO - Added font preload tags below </title> in .\flashcard-maker.html
2025-07-12 22:01:29,289 - INFO - Successfully updated .\flashcard-maker.html
2025-07-12 22:01:29,419 - INFO - Added font preload tags below </title> in .\focus-mode-toggle.html
2025-07-12 22:01:29,421 - INFO - Successfully updated .\focus-mode-toggle.html
2025-07-12 22:01:29,424 - WARNING - No </title> tag found in .\footer.html. Font preload tags not added.
2025-07-12 22:01:29,424 - INFO - No changes needed in .\footer.html
2025-07-12 22:01:29,459 - INFO - Added font preload tags below </title> in .\forgot-password.html
2025-07-12 22:01:29,460 - INFO - Successfully updated .\forgot-password.html
2025-07-12 22:01:29,672 - INFO - Added font preload tags below </title> in .\fuel-cost-calculator.html
2025-07-12 22:01:29,673 - INFO - Successfully updated .\fuel-cost-calculator.html
2025-07-12 22:01:29,924 - INFO - Added font preload tags below </title> in .\google-analytics-code-generator.html
2025-07-12 22:01:29,928 - INFO - Successfully updated .\google-analytics-code-generator.html
2025-07-12 22:01:30,111 - INFO - Added font preload tags below </title> in .\grade-calculator.html
2025-07-12 22:01:30,111 - INFO - Successfully updated .\grade-calculator.html
2025-07-12 22:01:30,294 - INFO - Added font preload tags below </title> in .\gst-vat-tax-calculator.html
2025-07-12 22:01:30,299 - INFO - Successfully updated .\gst-vat-tax-calculator.html
2025-07-12 22:01:30,518 - INFO - Added font preload tags below </title> in .\habit-tracker-simple.html
2025-07-12 22:01:30,519 - INFO - Successfully updated .\habit-tracker-simple.html
2025-07-12 22:01:32,264 - INFO - Added font preload tags below </title> in .\hashtag-generator.html
2025-07-12 22:01:32,267 - INFO - Successfully updated .\hashtag-generator.html
2025-07-12 22:01:32,280 - WARNING - No </title> tag found in .\header.html. Font preload tags not added.
2025-07-12 22:01:32,281 - INFO - No changes needed in .\header.html
2025-07-12 22:01:32,371 - INFO - Added font preload tags below </title> in .\help-center.html
2025-07-12 22:01:32,372 - INFO - Successfully updated .\help-center.html
2025-07-12 22:01:32,820 - INFO - Added font preload tags below </title> in .\hex-to-rgb-converter.html
2025-07-12 22:01:32,821 - INFO - Successfully updated .\hex-to-rgb-converter.html
2025-07-12 22:01:32,910 - INFO - Added font preload tags below </title> in .\hreflang-tag-generator.html
2025-07-12 22:01:32,911 - INFO - Successfully updated .\hreflang-tag-generator.html
2025-07-12 22:01:32,999 - INFO - Added font preload tags below </title> in .\html-color-picker.html
2025-07-12 22:01:33,000 - INFO - Successfully updated .\html-color-picker.html
2025-07-12 22:01:33,109 - INFO - Added font preload tags below </title> in .\html-encoder-decoder.html
2025-07-12 22:01:33,110 - INFO - Successfully updated .\html-encoder-decoder.html
2025-07-12 22:01:33,229 - INFO - Added font preload tags below </title> in .\html-previewer.html
2025-07-12 22:01:33,230 - INFO - Successfully updated .\html-previewer.html
2025-07-12 22:01:33,475 - INFO - Added font preload tags below </title> in .\html-table-generator.html
2025-07-12 22:01:33,476 - INFO - Successfully updated .\html-table-generator.html
2025-07-12 22:01:33,570 - INFO - Added font preload tags below </title> in .\image-blur-tool.html
2025-07-12 22:01:33,571 - INFO - Successfully updated .\image-blur-tool.html
2025-07-12 22:01:33,666 - INFO - Added font preload tags below </title> in .\image-border-generator.html
2025-07-12 22:01:33,667 - INFO - Successfully updated .\image-border-generator.html
2025-07-12 22:01:33,769 - INFO - Added font preload tags below </title> in .\image-brightness-adjuster.html
2025-07-12 22:01:33,770 - INFO - Successfully updated .\image-brightness-adjuster.html
2025-07-12 22:01:33,877 - INFO - Added font preload tags below </title> in .\image-collage-maker-simple.html
2025-07-12 22:01:33,878 - INFO - Successfully updated .\image-collage-maker-simple.html
2025-07-12 22:01:34,091 - INFO - Added font preload tags below </title> in .\image-compressor-simple.html
2025-07-12 22:01:34,092 - INFO - Successfully updated .\image-compressor-simple.html
2025-07-12 22:01:34,221 - INFO - Added font preload tags below </title> in .\image-contrast-adjuster.html
2025-07-12 22:01:34,225 - INFO - Successfully updated .\image-contrast-adjuster.html
2025-07-12 22:01:34,365 - INFO - Added font preload tags below </title> in .\image-cropper.html
2025-07-12 22:01:34,366 - INFO - Successfully updated .\image-cropper.html
2025-07-12 22:01:34,464 - INFO - Added font preload tags below </title> in .\image-flip-tool.html
2025-07-12 22:01:34,465 - INFO - Successfully updated .\image-flip-tool.html
2025-07-12 22:01:34,555 - INFO - Added font preload tags below </title> in .\image-noise-generator.html
2025-07-12 22:01:34,556 - INFO - Successfully updated .\image-noise-generator.html
2025-07-12 22:01:34,646 - INFO - Added font preload tags below </title> in .\image-posterize-tool.html
2025-07-12 22:01:34,647 - INFO - Successfully updated .\image-posterize-tool.html
2025-07-12 22:01:34,795 - INFO - Added font preload tags below </title> in .\image-resizer.html
2025-07-12 22:01:34,796 - INFO - Successfully updated .\image-resizer.html
2025-07-12 22:01:34,922 - INFO - Added font preload tags below </title> in .\image-rotator.html
2025-07-12 22:01:34,923 - INFO - Successfully updated .\image-rotator.html
2025-07-12 22:01:35,041 - INFO - Added font preload tags below </title> in .\image-sepia-filter.html
2025-07-12 22:01:35,042 - INFO - Successfully updated .\image-sepia-filter.html
2025-07-12 22:01:35,238 - INFO - Added font preload tags below </title> in .\image-to-ascii-art.html
2025-07-12 22:01:35,240 - INFO - Successfully updated .\image-to-ascii-art.html
2025-07-12 22:01:35,486 - INFO - Added font preload tags below </title> in .\image-to-base64-converter.html
2025-07-12 22:01:35,487 - INFO - Successfully updated .\image-to-base64-converter.html
2025-07-12 22:01:35,625 - INFO - Added font preload tags below </title> in .\image-to-grayscale.html
2025-07-12 22:01:35,627 - INFO - Successfully updated .\image-to-grayscale.html
2025-07-12 22:01:35,729 - INFO - Added font preload tags below </title> in .\image-to-hex-color-extractor.html
2025-07-12 22:01:35,730 - INFO - Successfully updated .\image-to-hex-color-extractor.html
2025-07-12 22:01:35,824 - INFO - Added font preload tags below </title> in .\image-to-icon-converter.html
2025-07-12 22:01:35,824 - INFO - Successfully updated .\image-to-icon-converter.html
2025-07-12 22:01:35,915 - INFO - Added font preload tags below </title> in .\image-to-svg-converter-simple.html
2025-07-12 22:01:35,916 - INFO - Successfully updated .\image-to-svg-converter-simple.html
2025-07-12 22:01:36,000 - INFO - Added font preload tags below </title> in .\image-to-text-extractor-simple.html
2025-07-12 22:01:36,001 - INFO - Successfully updated .\image-to-text-extractor-simple.html
2025-07-12 22:01:36,131 - INFO - Added font preload tags below </title> in .\image-transparency-tool.html
2025-07-12 22:01:36,132 - INFO - Successfully updated .\image-transparency-tool.html
2025-07-12 22:01:36,210 - INFO - Added font preload tags below </title> in .\index.html
2025-07-12 22:01:36,211 - INFO - Successfully updated .\index.html
2025-07-12 22:01:36,426 - INFO - Added font preload tags below </title> in .\inflation-calculator-simple.html
2025-07-12 22:01:36,428 - INFO - Successfully updated .\inflation-calculator-simple.html
2025-07-12 22:01:36,679 - INFO - Added font preload tags below </title> in .\investment-return-calculator.html
2025-07-12 22:01:36,680 - INFO - Successfully updated .\investment-return-calculator.html
2025-07-12 22:01:36,895 - INFO - Added font preload tags below </title> in .\javascript-beautifier.html
2025-07-12 22:01:36,897 - INFO - Successfully updated .\javascript-beautifier.html
2025-07-12 22:01:37,080 - INFO - Added font preload tags below </title> in .\json-formatter.html
2025-07-12 22:01:37,082 - INFO - Successfully updated .\json-formatter.html
2025-07-12 22:01:37,300 - INFO - Added font preload tags below </title> in .\json-to-csv-converter.html
2025-07-12 22:01:37,301 - INFO - Successfully updated .\json-to-csv-converter.html
2025-07-12 22:01:37,441 - INFO - Added font preload tags below </title> in .\json-validator.html
2025-07-12 22:01:37,442 - INFO - Successfully updated .\json-validator.html
2025-07-12 22:01:37,581 - INFO - Added font preload tags below </title> in .\keyword-combiner.html
2025-07-12 22:01:37,582 - INFO - Successfully updated .\keyword-combiner.html
2025-07-12 22:01:37,695 - INFO - Added font preload tags below </title> in .\keyword-density-checker.html
2025-07-12 22:01:37,696 - INFO - Successfully updated .\keyword-density-checker.html
2025-07-12 22:01:37,842 - INFO - Added font preload tags below </title> in .\loan-repayment-calculator.html
2025-07-12 22:01:37,844 - INFO - Successfully updated .\loan-repayment-calculator.html
2025-07-12 22:01:37,880 - INFO - Added font preload tags below </title> in .\login.html
2025-07-12 22:01:37,881 - INFO - Successfully updated .\login.html
2025-07-12 22:01:38,026 - INFO - Added font preload tags below </title> in .\lorem-ipsum-generator.html
2025-07-12 22:01:38,027 - INFO - Successfully updated .\lorem-ipsum-generator.html
2025-07-12 22:01:38,159 - INFO - Added font preload tags below </title> in .\lorem-ipsum-to-html.html
2025-07-12 22:01:38,161 - INFO - Successfully updated .\lorem-ipsum-to-html.html
2025-07-12 22:01:38,244 - INFO - Added font preload tags below </title> in .\magic-8-ball-simulator.html
2025-07-12 22:01:38,246 - INFO - Successfully updated .\magic-8-ball-simulator.html
2025-07-12 22:01:38,479 - INFO - Added font preload tags below </title> in .\math-equation-solver-simple.html
2025-07-12 22:01:38,480 - INFO - Successfully updated .\math-equation-solver-simple.html
2025-07-12 22:01:38,660 - INFO - Added font preload tags below </title> in .\math-fraction-simplifier.html
2025-07-12 22:01:38,666 - INFO - Successfully updated .\math-fraction-simplifier.html
2025-07-12 22:01:38,853 - INFO - Added font preload tags below </title> in .\math-percentage-increase-decrease.html
2025-07-12 22:01:38,854 - INFO - Successfully updated .\math-percentage-increase-decrease.html
2025-07-12 22:01:38,978 - INFO - Added font preload tags below </title> in .\meeting-agenda-generator.html
2025-07-12 22:01:38,979 - INFO - Successfully updated .\meeting-agenda-generator.html
2025-07-12 22:01:39,075 - INFO - Added font preload tags below </title> in .\meeting-cost-calculator.html
2025-07-12 22:01:39,076 - INFO - Successfully updated .\meeting-cost-calculator.html
2025-07-12 22:01:39,176 - INFO - Added font preload tags below </title> in .\meeting-duration-calculator.html
2025-07-12 22:01:39,177 - INFO - Successfully updated .\meeting-duration-calculator.html
2025-07-12 22:01:39,265 - INFO - Added font preload tags below </title> in .\meta-description-length-checker.html
2025-07-12 22:01:39,266 - INFO - Successfully updated .\meta-description-length-checker.html
2025-07-12 22:01:39,361 - INFO - Added font preload tags below </title> in .\meta-tag-generator.html
2025-07-12 22:01:39,362 - INFO - Successfully updated .\meta-tag-generator.html
2025-07-12 22:01:39,477 - INFO - Added font preload tags below </title> in .\net-worth-calculator.html
2025-07-12 22:01:39,477 - INFO - Successfully updated .\net-worth-calculator.html
2025-07-12 22:01:39,566 - INFO - Added font preload tags below </title> in .\nickname-generator.html
2025-07-12 22:01:39,567 - INFO - Successfully updated .\nickname-generator.html
2025-07-12 22:01:39,712 - INFO - Added font preload tags below </title> in .\number-to-words-converter.html
2025-07-12 22:01:39,713 - INFO - Successfully updated .\number-to-words-converter.html
2025-07-12 22:01:39,893 - INFO - Added font preload tags below </title> in .\open-graph-tag-generator.html
2025-07-12 22:01:39,894 - INFO - Successfully updated .\open-graph-tag-generator.html
2025-07-12 22:01:40,055 - INFO - Added font preload tags below </title> in .\paraphrase-tool-simple.html
2025-07-12 22:01:40,056 - INFO - Successfully updated .\paraphrase-tool-simple.html
2025-07-12 22:01:40,196 - INFO - Added font preload tags below </title> in .\passive-voice-detector.html
2025-07-12 22:01:40,197 - INFO - Successfully updated .\passive-voice-detector.html
2025-07-12 22:01:40,322 - INFO - Added font preload tags below </title> in .\payroll-calculator.html
2025-07-12 22:01:40,323 - INFO - Successfully updated .\payroll-calculator.html
2025-07-12 22:01:40,427 - INFO - Added font preload tags below </title> in .\percentage-calculator.html
2025-07-12 22:01:40,428 - INFO - Successfully updated .\percentage-calculator.html
2025-07-12 22:01:40,542 - INFO - Added font preload tags below </title> in .\periodic-table-reference.html
2025-07-12 22:01:40,544 - INFO - Successfully updated .\periodic-table-reference.html
2025-07-12 22:01:40,962 - INFO - Added font preload tags below </title> in .\personality-quiz-maker-simple.html
2025-07-12 22:01:40,962 - INFO - Successfully updated .\personality-quiz-maker-simple.html
2025-07-12 22:01:41,195 - INFO - Added font preload tags below </title> in .\pickup-line-generator.html
2025-07-12 22:01:41,207 - INFO - Successfully updated .\pickup-line-generator.html
2025-07-12 22:01:41,402 - INFO - Added font preload tags below </title> in .\pixel-art-generator.html
2025-07-12 22:01:41,403 - INFO - Successfully updated .\pixel-art-generator.html
2025-07-12 22:01:41,567 - INFO - Added font preload tags below </title> in .\plagiarism-checker-simple.html
2025-07-12 22:01:41,568 - INFO - Successfully updated .\plagiarism-checker-simple.html
2025-07-12 22:01:41,693 - INFO - Added font preload tags below </title> in .\pomodoro-timer.html
2025-07-12 22:01:41,695 - INFO - Successfully updated .\pomodoro-timer.html
2025-07-12 22:01:41,818 - INFO - Added font preload tags below </title> in .\ppc-ad-preview-tool.html
2025-07-12 22:01:41,819 - INFO - Successfully updated .\ppc-ad-preview-tool.html
2025-07-12 22:01:41,860 - INFO - Added font preload tags below </title> in .\privacy-policy.html
2025-07-12 22:01:41,861 - INFO - Successfully updated .\privacy-policy.html
2025-07-12 22:01:41,935 - INFO - Added font preload tags below </title> in .\profile.html
2025-07-12 22:01:41,936 - INFO - Successfully updated .\profile.html
2025-07-12 22:01:42,039 - INFO - Added font preload tags below </title> in .\profit-margin-calculator.html
2025-07-12 22:01:42,040 - INFO - Successfully updated .\profit-margin-calculator.html
2025-07-12 22:01:42,139 - INFO - Added font preload tags below </title> in .\progress-bar-generator.html
2025-07-12 22:01:42,140 - INFO - Successfully updated .\progress-bar-generator.html
2025-07-12 22:01:42,252 - INFO - Added font preload tags below </title> in .\qr-code-generator.html
2025-07-12 22:01:42,253 - INFO - Successfully updated .\qr-code-generator.html
2025-07-12 22:01:42,254 - INFO - Added font preload tags below </title> in .\random-animal-generator.html
2025-07-12 22:01:42,256 - INFO - Successfully updated .\random-animal-generator.html
2025-07-12 22:01:42,259 - INFO - Added font preload tags below </title> in .\random-book-title-generator.html
2025-07-12 22:01:42,260 - INFO - Successfully updated .\random-book-title-generator.html
2025-07-12 22:01:42,262 - INFO - Added font preload tags below </title> in .\random-brainstorm-idea-generator.html
2025-07-12 22:01:42,264 - INFO - Successfully updated .\random-brainstorm-idea-generator.html
2025-07-12 22:01:42,265 - INFO - Added font preload tags below </title> in .\random-color-generator.html
2025-07-12 22:01:42,266 - INFO - Successfully updated .\random-color-generator.html
2025-07-12 22:01:42,268 - INFO - Added font preload tags below </title> in .\random-country-generator.html
2025-07-12 22:01:42,270 - INFO - Successfully updated .\random-country-generator.html
2025-07-12 22:01:42,272 - INFO - Added font preload tags below </title> in .\random-decision-maker.html
2025-07-12 22:01:42,272 - INFO - Successfully updated .\random-decision-maker.html
2025-07-12 22:01:42,760 - INFO - Added font preload tags below </title> in .\random-fact-generator.html
2025-07-12 22:01:42,764 - INFO - Successfully updated .\random-fact-generator.html
2025-07-12 22:01:43,021 - INFO - Added font preload tags below </title> in .\random-hash-generator.html
2025-07-12 22:01:43,022 - INFO - Successfully updated .\random-hash-generator.html
2025-07-12 22:01:43,265 - INFO - Added font preload tags below </title> in .\random-history-fact.html
2025-07-12 22:01:43,267 - INFO - Successfully updated .\random-history-fact.html
2025-07-12 22:01:43,573 - INFO - Added font preload tags below </title> in .\random-ip-generator.html
2025-07-12 22:01:43,574 - INFO - Successfully updated .\random-ip-generator.html
2025-07-12 22:01:44,001 - INFO - Added font preload tags below </title> in .\random-joke-generator.html
2025-07-12 22:01:44,002 - INFO - Successfully updated .\random-joke-generator.html
2025-07-12 22:01:44,090 - INFO - Added font preload tags below </title> in .\random-movie-quote-generator.html
2025-07-12 22:01:44,091 - INFO - Successfully updated .\random-movie-quote-generator.html
2025-07-12 22:01:44,151 - INFO - Added font preload tags below </title> in .\random-name-generator.html
2025-07-12 22:01:44,152 - INFO - Successfully updated .\random-name-generator.html
2025-07-12 22:01:44,255 - INFO - Added font preload tags below </title> in .\random-number-generator.html
2025-07-12 22:01:44,255 - INFO - Successfully updated .\random-number-generator.html
2025-07-12 22:01:44,351 - INFO - Added font preload tags below </title> in .\random-password-generator.html
2025-07-12 22:01:44,371 - INFO - Successfully updated .\random-password-generator.html
2025-07-12 22:01:44,461 - INFO - Added font preload tags below </title> in .\random-password-strength-checker.html
2025-07-12 22:01:44,461 - INFO - Successfully updated .\random-password-strength-checker.html
2025-07-12 22:01:44,546 - INFO - Added font preload tags below </title> in .\random-poem-generator.html
2025-07-12 22:01:44,547 - INFO - Successfully updated .\random-poem-generator.html
2025-07-12 22:01:44,655 - INFO - Added font preload tags below </title> in .\random-priority-sorter.html
2025-07-12 22:01:44,656 - INFO - Successfully updated .\random-priority-sorter.html
2025-07-12 22:01:44,769 - INFO - Added font preload tags below </title> in .\random-quote-generator.html
2025-07-12 22:01:44,770 - INFO - Successfully updated .\random-quote-generator.html
2025-07-12 22:01:44,855 - INFO - Added font preload tags below </title> in .\random-recipe-generator.html
2025-07-12 22:01:44,855 - INFO - Successfully updated .\random-recipe-generator.html
2025-07-12 22:01:44,945 - INFO - Added font preload tags below </title> in .\random-schedule-generator.html
2025-07-12 22:01:44,946 - INFO - Successfully updated .\random-schedule-generator.html
2025-07-12 22:01:45,031 - INFO - Added font preload tags below </title> in .\random-science-fact.html
2025-07-12 22:01:45,032 - INFO - Successfully updated .\random-science-fact.html
2025-07-12 22:01:45,139 - INFO - Added font preload tags below </title> in .\random-song-lyric-generator.html
2025-07-12 22:01:45,140 - INFO - Successfully updated .\random-song-lyric-generator.html
2025-07-12 22:01:45,229 - INFO - Added font preload tags below </title> in .\random-team-generator.html
2025-07-12 22:01:45,230 - INFO - Successfully updated .\random-team-generator.html
2025-07-12 22:01:45,330 - INFO - Added font preload tags below </title> in .\random-trivia-question.html
2025-07-12 22:01:45,331 - INFO - Successfully updated .\random-trivia-question.html
2025-07-12 22:01:45,433 - INFO - Added font preload tags below </title> in .\random-writing-prompt.html
2025-07-12 22:01:45,434 - INFO - Successfully updated .\random-writing-prompt.html
2025-07-12 22:01:45,721 - INFO - Added font preload tags below </title> in .\readability-score-checker.html
2025-07-12 22:01:45,722 - INFO - Successfully updated .\readability-score-checker.html
2025-07-12 22:01:45,904 - INFO - Added font preload tags below </title> in .\reading-time-estimator.html
2025-07-12 22:01:45,906 - INFO - Successfully updated .\reading-time-estimator.html
2025-07-12 22:01:46,144 - INFO - Added font preload tags below </title> in .\regex-tester.html
2025-07-12 22:01:46,144 - INFO - Successfully updated .\regex-tester.html
2025-07-12 22:01:46,413 - INFO - Added font preload tags below </title> in .\rental-yield-calculator.html
2025-07-12 22:01:46,413 - INFO - Successfully updated .\rental-yield-calculator.html
2025-07-12 22:01:46,482 - INFO - Added font preload tags below </title> in .\reset-password.html
2025-07-12 22:01:46,485 - INFO - Successfully updated .\reset-password.html
2025-07-12 22:01:46,645 - INFO - Added font preload tags below </title> in .\retirement-savings-calculator.html
2025-07-12 22:01:46,646 - INFO - Successfully updated .\retirement-savings-calculator.html
2025-07-12 22:01:46,647 - INFO - Added font preload tags below </title> in .\reverse-text-generator.html
2025-07-12 22:01:46,649 - INFO - Successfully updated .\reverse-text-generator.html
2025-07-12 22:01:46,993 - INFO - Added font preload tags below </title> in .\riddle-generator.html
2025-07-12 22:01:46,994 - INFO - Successfully updated .\riddle-generator.html
2025-07-12 22:01:47,109 - INFO - Added font preload tags below </title> in .\robots-txt-generator.html
2025-07-12 22:01:47,109 - INFO - Successfully updated .\robots-txt-generator.html
2025-07-12 22:01:47,223 - INFO - Added font preload tags below </title> in .\savings-goal-calculator.html
2025-07-12 22:01:47,224 - INFO - Successfully updated .\savings-goal-calculator.html
2025-07-12 22:01:47,507 - INFO - Added font preload tags below </title> in .\schema-markup-generator.html
2025-07-12 22:01:47,510 - INFO - Successfully updated .\schema-markup-generator.html
2025-07-12 22:01:47,654 - INFO - Added font preload tags below </title> in .\sentence-case-converter.html
2025-07-12 22:01:47,657 - INFO - Successfully updated .\sentence-case-converter.html
2025-07-12 22:01:47,845 - INFO - Added font preload tags below </title> in .\seo-audit-checklist.html
2025-07-12 22:01:47,847 - INFO - Successfully updated .\seo-audit-checklist.html
2025-07-12 22:01:48,333 - INFO - Added font preload tags below </title> in .\serp-preview-tool.html
2025-07-12 22:01:48,336 - INFO - Successfully updated .\serp-preview-tool.html
2025-07-12 22:01:48,393 - INFO - Added font preload tags below </title> in .\signup.html
2025-07-12 22:01:48,394 - INFO - Successfully updated .\signup.html
2025-07-12 22:01:48,492 - INFO - Added font preload tags below </title> in .\simple-calculator.html
2025-07-12 22:01:48,493 - INFO - Successfully updated .\simple-calculator.html
2025-07-12 22:01:48,589 - INFO - Added font preload tags below </title> in .\simple-emi-calculator.html
2025-07-12 22:01:48,590 - INFO - Successfully updated .\simple-emi-calculator.html
2025-07-12 22:01:48,687 - INFO - Added font preload tags below </title> in .\sitemap-generator-simple.html
2025-07-12 22:01:48,689 - INFO - Successfully updated .\sitemap-generator-simple.html
2025-07-12 22:01:48,798 - INFO - Added font preload tags below </title> in .\sleep-cycle-calculator.html
2025-07-12 22:01:48,799 - INFO - Successfully updated .\sleep-cycle-calculator.html
2025-07-12 22:01:48,905 - INFO - Added font preload tags below </title> in .\slug-generator.html
2025-07-12 22:01:48,906 - INFO - Successfully updated .\slug-generator.html
2025-07-12 22:01:49,101 - INFO - Added font preload tags below </title> in .\social-share-button-generator.html
2025-07-12 22:01:49,103 - INFO - Successfully updated .\social-share-button-generator.html
2025-07-12 22:01:49,321 - INFO - Added font preload tags below </title> in .\spelling-checker-simple.html
2025-07-12 22:01:49,322 - INFO - Successfully updated .\spelling-checker-simple.html
2025-07-12 22:01:49,467 - INFO - Added font preload tags below </title> in .\sql-formatter.html
2025-07-12 22:01:49,468 - INFO - Successfully updated .\sql-formatter.html
2025-07-12 22:01:49,591 - INFO - Added font preload tags below </title> in .\sql-query-builder-simple.html
2025-07-12 22:01:49,592 - INFO - Successfully updated .\sql-query-builder-simple.html
2025-07-12 22:01:49,638 - INFO - Added font preload tags below </title> in .\status.html
2025-07-12 22:01:49,639 - INFO - Successfully updated .\status.html
2025-07-12 22:01:49,745 - INFO - Added font preload tags below </title> in .\sticky-note-simulator.html
2025-07-12 22:01:49,746 - INFO - Successfully updated .\sticky-note-simulator.html
2025-07-12 22:01:49,859 - INFO - Added font preload tags below </title> in .\study-timer.html
2025-07-12 22:01:49,859 - INFO - Successfully updated .\study-timer.html
2025-07-12 22:01:50,101 - INFO - Added font preload tags below </title> in .\superhero-name-generator.html
2025-07-12 22:01:50,102 - INFO - Successfully updated .\superhero-name-generator.html
2025-07-12 22:01:50,216 - INFO - Added font preload tags below </title> in .\synonym-finder.html
2025-07-12 22:01:50,217 - INFO - Successfully updated .\synonym-finder.html
2025-07-12 22:01:50,362 - INFO - Added font preload tags below </title> in .\task-deadline-calculator.html
2025-07-12 22:01:50,363 - INFO - Successfully updated .\task-deadline-calculator.html
2025-07-12 22:01:50,605 - INFO - Added font preload tags below </title> in .\tax-bracket-estimator-simple.html
2025-07-12 22:01:50,610 - INFO - Successfully updated .\tax-bracket-estimator-simple.html
2025-07-12 22:01:50,680 - INFO - Added font preload tags below </title> in .\terms-of-service.html
2025-07-12 22:01:50,681 - INFO - Successfully updated .\terms-of-service.html
2025-07-12 22:01:50,905 - INFO - Added font preload tags below </title> in .\text-diff-checker.html
2025-07-12 22:01:50,906 - INFO - Successfully updated .\text-diff-checker.html
2025-07-12 22:01:51,019 - INFO - Added font preload tags below </title> in .\text-expander.html
2025-07-12 22:01:51,020 - INFO - Successfully updated .\text-expander.html
2025-07-12 22:01:51,173 - INFO - Added font preload tags below </title> in .\text-randomizer.html
2025-07-12 22:01:51,175 - INFO - Successfully updated .\text-randomizer.html
2025-07-12 22:01:51,308 - INFO - Added font preload tags below </title> in .\text-to-ascii-art.html
2025-07-12 22:01:51,310 - INFO - Successfully updated .\text-to-ascii-art.html
2025-07-12 22:01:51,467 - INFO - Added font preload tags below </title> in .\text-to-binary-converter.html
2025-07-12 22:01:51,469 - INFO - Successfully updated .\text-to-binary-converter.html
2025-07-12 22:01:51,611 - INFO - Added font preload tags below </title> in .\text-to-emoji-converter.html
2025-07-12 22:01:51,614 - INFO - Successfully updated .\text-to-emoji-converter.html
2025-07-12 22:01:51,957 - INFO - Added font preload tags below </title> in .\text-to-hex-converter.html
2025-07-12 22:01:51,959 - INFO - Successfully updated .\text-to-hex-converter.html
2025-07-12 22:01:52,271 - INFO - Added font preload tags below </title> in .\text-to-morse-code.html
2025-07-12 22:01:52,272 - INFO - Successfully updated .\text-to-morse-code.html
2025-07-12 22:01:52,468 - INFO - Added font preload tags below </title> in .\text-to-speech-simple.html
2025-07-12 22:01:52,470 - INFO - Successfully updated .\text-to-speech-simple.html
2025-07-12 22:01:52,627 - INFO - Added font preload tags below </title> in .\time-duration-calculator.html
2025-07-12 22:01:52,629 - INFO - Successfully updated .\time-duration-calculator.html
2025-07-12 22:01:52,758 - INFO - Added font preload tags below </title> in .\time-value-of-money-calculator.html
2025-07-12 22:01:52,759 - INFO - Successfully updated .\time-value-of-money-calculator.html
2025-07-12 22:01:52,976 - INFO - Added font preload tags below </title> in .\time-zone-converter.html
2025-07-12 22:01:52,977 - INFO - Successfully updated .\time-zone-converter.html
2025-07-12 22:01:53,105 - INFO - Added font preload tags below </title> in .\times-table-generator.html
2025-07-12 22:01:53,106 - INFO - Successfully updated .\times-table-generator.html
2025-07-12 22:01:53,263 - INFO - Added font preload tags below </title> in .\timestamp-converter.html
2025-07-12 22:01:53,264 - INFO - Successfully updated .\timestamp-converter.html
2025-07-12 22:01:53,353 - INFO - Added font preload tags below </title> in .\tip-calculator.html
2025-07-12 22:01:53,354 - INFO - Successfully updated .\tip-calculator.html
2025-07-12 22:01:53,430 - INFO - Added font preload tags below </title> in .\title-capitalization-tool.html
2025-07-12 22:01:53,431 - INFO - Successfully updated .\title-capitalization-tool.html
2025-07-12 22:01:53,559 - INFO - Added font preload tags below </title> in .\title-tag-length-checker.html
2025-07-12 22:01:53,560 - INFO - Successfully updated .\title-tag-length-checker.html
2025-07-12 22:01:53,980 - INFO - Added font preload tags below </title> in .\to-do-list-maker.html
2025-07-12 22:01:53,982 - INFO - Successfully updated .\to-do-list-maker.html
2025-07-12 22:01:54,076 - INFO - Added font preload tags below </title> in .\tool1.html
2025-07-12 22:01:54,077 - INFO - Successfully updated .\tool1.html
2025-07-12 22:01:54,228 - INFO - Added font preload tags below </title> in .\truth-or-dare-generator.html
2025-07-12 22:01:54,229 - INFO - Successfully updated .\truth-or-dare-generator.html
2025-07-12 22:01:54,297 - INFO - Added font preload tags below </title> in .\tutorials.html
2025-07-12 22:01:54,298 - INFO - Successfully updated .\tutorials.html
2025-07-12 22:01:54,454 - INFO - Added font preload tags below </title> in .\twitter-card-generator.html
2025-07-12 22:01:54,455 - INFO - Successfully updated .\twitter-card-generator.html
2025-07-12 22:01:54,583 - INFO - Added font preload tags below </title> in .\unit-converter.html
2025-07-12 22:01:54,584 - INFO - Successfully updated .\unit-converter.html
2025-07-12 22:01:54,704 - INFO - Added font preload tags below </title> in .\url-encoder-decoder.html
2025-07-12 22:01:54,705 - INFO - Successfully updated .\url-encoder-decoder.html
2025-07-12 22:01:55,060 - INFO - Added font preload tags below </title> in .\utm-link-builder.html
2025-07-12 22:01:55,061 - INFO - Successfully updated .\utm-link-builder.html
2025-07-12 22:01:55,146 - INFO - Added font preload tags below </title> in .\uuid-generator.html
2025-07-12 22:01:55,147 - INFO - Successfully updated .\uuid-generator.html
2025-07-12 22:01:55,241 - INFO - Added font preload tags below </title> in .\vocabulary-quiz-generator.html
2025-07-12 22:01:55,242 - INFO - Successfully updated .\vocabulary-quiz-generator.html
2025-07-12 22:01:55,345 - INFO - Added font preload tags below </title> in .\watermark-tool.html
2025-07-12 22:01:55,346 - INFO - Successfully updated .\watermark-tool.html
2025-07-12 22:01:55,471 - INFO - Added font preload tags below </title> in .\word-cloud-generator-simple.html
2025-07-12 22:01:55,472 - INFO - Successfully updated .\word-cloud-generator-simple.html
2025-07-12 22:01:55,583 - INFO - Added font preload tags below </title> in .\word-counter.html
2025-07-12 22:01:55,586 - INFO - Successfully updated .\word-counter.html
2025-07-12 22:01:55,755 - INFO - Added font preload tags below </title> in .\word-goal-tracker.html
2025-07-12 22:01:55,757 - INFO - Successfully updated .\word-goal-tracker.html
2025-07-12 22:01:55,913 - INFO - Added font preload tags below </title> in .\word-per-minute-calculator.html
2025-07-12 22:01:55,914 - INFO - Successfully updated .\word-per-minute-calculator.html
2025-07-12 22:01:56,042 - INFO - Added font preload tags below </title> in .\word-scramble-generator.html
2025-07-12 22:01:56,043 - INFO - Successfully updated .\word-scramble-generator.html
2025-07-12 22:01:56,171 - INFO - Added font preload tags below </title> in .\would-you-rather-generator.html
2025-07-12 22:01:56,172 - INFO - Successfully updated .\would-you-rather-generator.html
2025-07-12 22:01:56,261 - INFO - Added font preload tags below </title> in .\xml-formatter.html
2025-07-12 22:01:56,262 - INFO - Successfully updated .\xml-formatter.html
2025-07-12 22:01:56,375 - INFO - Added font preload tags below </title> in .\youtube-thumbnail-downloader.html
2025-07-12 22:01:56,376 - INFO - Successfully updated .\youtube-thumbnail-downloader.html
2025-07-12 22:01:56,391 - INFO - Added font preload tags below </title> in .\backend\node_modules\jsbn\example.html
2025-07-12 22:01:56,392 - INFO - Successfully updated .\backend\node_modules\jsbn\example.html
2025-07-12 22:01:56,392 - INFO - Processing complete. Success: 223, Failures: 0
